  main.cpp
  oop_lab6-7.vcxproj -> C:\Users\ghior\Desktop\programare orientata obiect (C)\GitHub\oop_labs_cpp\oop_lab8-9_iter2\Debug\oop_lab6-7.exe
C:\Users\ghior\Desktop\programare orientata obiect (C)\GitHub\oop_labs_cpp\oop_lab8-9_iter2\oop_lab6-7\Domain.cpp(15): warning C26440: Function 'Contract::clearContract' can be declared 'noexcept' (f.6).
C:\Users\ghior\Desktop\programare orientata obiect (C)\GitHub\oop_labs_cpp\oop_lab8-9_iter2\oop_lab6-7\Repository.h(85): warning C26433: Function 'Repository::getDiscipline' should be marked with 'override' (c.128).
C:\Users\ghior\Desktop\programare orientata obiect (C)\GitHub\oop_labs_cpp\oop_lab8-9_iter2\oop_lab6-7\Repository.h(51): warning C26443: Overriding destructor should not use explicit 'override' or 'virtual' specifiers (c.128).
C:\Users\ghior\Desktop\programare orientata obiect (C)\GitHub\oop_labs_cpp\oop_lab8-9_iter2\oop_lab6-7\Repository.h(51): warning C26432: If you define or delete any default operation in the type 'class Repository', define or delete them all (c.21).
C:\Users\ghior\Desktop\programare orientata obiect (C)\GitHub\oop_labs_cpp\oop_lab8-9_iter2\oop_lab6-7\Repository.h(24): warning C26432: If you define or delete any default operation in the type 'class VirtualRepository', define or delete them all (c.21).
C:\Users\ghior\Desktop\programare orientata obiect (C)\GitHub\oop_labs_cpp\oop_lab8-9_iter2\oop_lab6-7\Undo.h(20): warning C26440: Function 'UndoAdauga::UndoAdauga' can be declared 'noexcept' (f.6).
C:\Users\ghior\Desktop\programare orientata obiect (C)\GitHub\oop_labs_cpp\oop_lab8-9_iter2\oop_lab6-7\Undo.h(11): warning C26432: If you define or delete any default operation in the type 'class ActiuneUndo', define or delete them all (c.21).
C:\Users\ghior\Desktop\programare orientata obiect (C)\GitHub\oop_labs_cpp\oop_lab8-9_iter2\oop_lab6-7\Undo.h(38): warning C26440: Function 'UndoSterge::UndoSterge' can be declared 'noexcept' (f.6).
C:\Users\ghior\Desktop\programare orientata obiect (C)\GitHub\oop_labs_cpp\oop_lab8-9_iter2\oop_lab6-7\Undo.h(56): warning C26440: Function 'UndoModifica::UndoModifica' can be declared 'noexcept' (f.6).
C:\Users\ghior\Desktop\programare orientata obiect (C)\GitHub\oop_labs_cpp\oop_lab8-9_iter2\oop_lab6-7\Undo.h(76): warning C26440: Function 'UndoAdauga_inContract::UndoAdauga_inContract' can be declared 'noexcept' (f.6).
C:\Users\ghior\Desktop\programare orientata obiect (C)\GitHub\oop_labs_cpp\oop_lab8-9_iter2\oop_lab6-7\Repository.cpp(11): warning C26496: The variable 'f' is assigned only once, mark it as const (con.4).
C:\Users\ghior\Desktop\programare orientata obiect (C)\GitHub\oop_labs_cpp\oop_lab8-9_iter2\oop_lab6-7\Repository.cpp(12): warning C26496: The variable 'err_prob' is assigned only once, mark it as const (con.4).
C:\Users\ghior\Desktop\programare orientata obiect (C)\GitHub\oop_labs_cpp\oop_lab8-9_iter2\oop_lab6-7\Repository.cpp(11): warning C26493: Don't use C-style casts (type.4).
C:\Users\ghior\Desktop\programare orientata obiect (C)\GitHub\oop_labs_cpp\oop_lab8-9_iter2\oop_lab6-7\Repository.cpp(10): warning C26433: Function 'Repository::addDisciplina' should be marked with 'override' (c.128).
C:\Users\ghior\Desktop\programare orientata obiect (C)\GitHub\oop_labs_cpp\oop_lab8-9_iter2\oop_lab6-7\Repository.cpp(24): warning C26496: The variable 'f' is assigned only once, mark it as const (con.4).
C:\Users\ghior\Desktop\programare orientata obiect (C)\GitHub\oop_labs_cpp\oop_lab8-9_iter2\oop_lab6-7\Repository.cpp(25): warning C26496: The variable 'err_prob' is assigned only once, mark it as const (con.4).
C:\Users\ghior\Desktop\programare orientata obiect (C)\GitHub\oop_labs_cpp\oop_lab8-9_iter2\oop_lab6-7\Repository.cpp(33): warning C26496: The variable 'contor' is assigned only once, mark it as const (con.4).
C:\Users\ghior\Desktop\programare orientata obiect (C)\GitHub\oop_labs_cpp\oop_lab8-9_iter2\oop_lab6-7\Repository.cpp(24): warning C26493: Don't use C-style casts (type.4).
C:\Users\ghior\Desktop\programare orientata obiect (C)\GitHub\oop_labs_cpp\oop_lab8-9_iter2\oop_lab6-7\Repository.cpp(23): warning C26433: Function 'Repository::updateDisciplina' should be marked with 'override' (c.128).
C:\Users\ghior\Desktop\programare orientata obiect (C)\GitHub\oop_labs_cpp\oop_lab8-9_iter2\oop_lab6-7\Repository.cpp(38): warning C26496: The variable 'f' is assigned only once, mark it as const (con.4).
C:\Users\ghior\Desktop\programare orientata obiect (C)\GitHub\oop_labs_cpp\oop_lab8-9_iter2\oop_lab6-7\Repository.cpp(39): warning C26496: The variable 'err_prob' is assigned only once, mark it as const (con.4).
C:\Users\ghior\Desktop\programare orientata obiect (C)\GitHub\oop_labs_cpp\oop_lab8-9_iter2\oop_lab6-7\Repository.cpp(47): warning C26496: The variable 'contor' is assigned only once, mark it as const (con.4).
C:\Users\ghior\Desktop\programare orientata obiect (C)\GitHub\oop_labs_cpp\oop_lab8-9_iter2\oop_lab6-7\Repository.cpp(38): warning C26493: Don't use C-style casts (type.4).
C:\Users\ghior\Desktop\programare orientata obiect (C)\GitHub\oop_labs_cpp\oop_lab8-9_iter2\oop_lab6-7\Repository.cpp(37): warning C26433: Function 'Repository::deleteDisciplina' should be marked with 'override' (c.128).
C:\Users\ghior\Desktop\programare orientata obiect (C)\GitHub\oop_labs_cpp\oop_lab8-9_iter2\oop_lab6-7\Repository.cpp(61): warning C26433: Function 'Repository::findPosition' should be marked with 'override' (c.128).
C:\Users\ghior\Desktop\programare orientata obiect (C)\GitHub\oop_labs_cpp\oop_lab8-9_iter2\oop_lab6-7\Repository.cpp(75): warning C26496: The variable 'f' is assigned only once, mark it as const (con.4).
C:\Users\ghior\Desktop\programare orientata obiect (C)\GitHub\oop_labs_cpp\oop_lab8-9_iter2\oop_lab6-7\Repository.cpp(76): warning C26496: The variable 'err_prob' is assigned only once, mark it as const (con.4).
C:\Users\ghior\Desktop\programare orientata obiect (C)\GitHub\oop_labs_cpp\oop_lab8-9_iter2\oop_lab6-7\Repository.cpp(75): warning C26493: Don't use C-style casts (type.4).
C:\Users\ghior\Desktop\programare orientata obiect (C)\GitHub\oop_labs_cpp\oop_lab8-9_iter2\oop_lab6-7\Repository.cpp(74): warning C26433: Function 'Repository::deleteDisciplina_fromContract' should be marked with 'override' (c.128).
C:\Users\ghior\Desktop\programare orientata obiect (C)\GitHub\oop_labs_cpp\oop_lab8-9_iter2\oop_lab6-7\Repository.cpp(155): warning C26496: The variable 'f' is assigned only once, mark it as const (con.4).
C:\Users\ghior\Desktop\programare orientata obiect (C)\GitHub\oop_labs_cpp\oop_lab8-9_iter2\oop_lab6-7\Repository.cpp(156): warning C26496: The variable 'err_prob' is assigned only once, mark it as const (con.4).
C:\Users\ghior\Desktop\programare orientata obiect (C)\GitHub\oop_labs_cpp\oop_lab8-9_iter2\oop_lab6-7\Repository.cpp(155): warning C26493: Don't use C-style casts (type.4).
C:\Users\ghior\Desktop\programare orientata obiect (C)\GitHub\oop_labs_cpp\oop_lab8-9_iter2\oop_lab6-7\Repository.cpp(166): warning C26433: Function 'Repository::save_toHTML' should be marked with 'override' (c.128).
C:\Users\ghior\Desktop\programare orientata obiect (C)\GitHub\oop_labs_cpp\oop_lab8-9_iter2\oop_lab6-7\Service.cpp(11): warning C26496: The variable 'id' is assigned only once, mark it as const (con.4).
C:\Users\ghior\Desktop\programare orientata obiect (C)\GitHub\oop_labs_cpp\oop_lab8-9_iter2\oop_lab6-7\Service.cpp(11): warning C26472: Don't use a static_cast for arithmetic conversions. Use brace initialization, gsl::narrow_cast or gsl::narrow (type.1).
C:\Users\ghior\Desktop\programare orientata obiect (C)\GitHub\oop_labs_cpp\oop_lab8-9_iter2\oop_lab6-7\Service.cpp(82): warning C26440: Function '<lambda_da9c5a9d2bf43b2051f53691eb210372>::operator()' can be declared 'noexcept' (f.6).
C:\Users\ghior\Desktop\programare orientata obiect (C)\GitHub\oop_labs_cpp\oop_lab8-9_iter2\oop_lab6-7\Service.cpp(123): warning C26432: If you define or delete any default operation in the type 'class Service', define or delete them all (c.21).
C:\Users\ghior\Desktop\programare orientata obiect (C)\GitHub\oop_labs_cpp\oop_lab8-9_iter2\oop_lab6-7\Service.cpp(172): warning C26496: The variable 'n' is assigned only once, mark it as const (con.4).
C:\Users\ghior\Desktop\programare orientata obiect (C)\GitHub\oop_labs_cpp\oop_lab8-9_iter2\oop_lab6-7\Service.cpp(174): warning C26496: The variable 'j' is assigned only once, mark it as const (con.4).
C:\Users\ghior\Desktop\programare orientata obiect (C)\GitHub\oop_labs_cpp\oop_lab8-9_iter2\oop_lab6-7\Service.cpp(172): warning C26494: Variable 'aux' is uninitialized. Always initialize an object (type.5).
C:\Users\ghior\Desktop\programare orientata obiect (C)\GitHub\oop_labs_cpp\oop_lab8-9_iter2\oop_lab6-7\Service.cpp(175): warning C26446: Prefer to use gsl::at() instead of unchecked subscript operator (bounds.4).
C:\Users\ghior\Desktop\programare orientata obiect (C)\GitHub\oop_labs_cpp\oop_lab8-9_iter2\oop_lab6-7\Service.cpp(176): warning C26446: Prefer to use gsl::at() instead of unchecked subscript operator (bounds.4).
C:\Users\ghior\Desktop\programare orientata obiect (C)\GitHub\oop_labs_cpp\oop_lab8-9_iter2\oop_lab6-7\Service.cpp(176): warning C26446: Prefer to use gsl::at() instead of unchecked subscript operator (bounds.4).
C:\Users\ghior\Desktop\programare orientata obiect (C)\GitHub\oop_labs_cpp\oop_lab8-9_iter2\oop_lab6-7\Service.cpp(177): warning C26446: Prefer to use gsl::at() instead of unchecked subscript operator (bounds.4).
C:\Users\ghior\Desktop\programare orientata obiect (C)\GitHub\oop_labs_cpp\oop_lab8-9_iter2\oop_lab6-7\Tests.cpp(123): warning C26446: Prefer to use gsl::at() instead of unchecked subscript operator (bounds.4).
C:\Users\ghior\Desktop\programare orientata obiect (C)\GitHub\oop_labs_cpp\oop_lab8-9_iter2\oop_lab6-7\Tests.cpp(124): warning C26446: Prefer to use gsl::at() instead of unchecked subscript operator (bounds.4).
C:\Users\ghior\Desktop\programare orientata obiect (C)\GitHub\oop_labs_cpp\oop_lab8-9_iter2\oop_lab6-7\Tests.cpp(125): warning C26446: Prefer to use gsl::at() instead of unchecked subscript operator (bounds.4).
C:\Users\ghior\Desktop\programare orientata obiect (C)\GitHub\oop_labs_cpp\oop_lab8-9_iter2\oop_lab6-7\Tests.cpp(126): warning C26446: Prefer to use gsl::at() instead of unchecked subscript operator (bounds.4).
C:\Users\ghior\Desktop\programare orientata obiect (C)\GitHub\oop_labs_cpp\oop_lab8-9_iter2\oop_lab6-7\Tests.cpp(136): warning C26444: Avoid unnamed objects with custom construction and destruction (es.84).
C:\Users\ghior\Desktop\programare orientata obiect (C)\GitHub\oop_labs_cpp\oop_lab8-9_iter2\oop_lab6-7\Tests.cpp(238): warning C26446: Prefer to use gsl::at() instead of unchecked subscript operator (bounds.4).
C:\Users\ghior\Desktop\programare orientata obiect (C)\GitHub\oop_labs_cpp\oop_lab8-9_iter2\oop_lab6-7\Tests.cpp(241): warning C26446: Prefer to use gsl::at() instead of unchecked subscript operator (bounds.4).
C:\Users\ghior\Desktop\programare orientata obiect (C)\GitHub\oop_labs_cpp\oop_lab8-9_iter2\oop_lab6-7\Tests.cpp(244): warning C26446: Prefer to use gsl::at() instead of unchecked subscript operator (bounds.4).
