  main.cpp
  Repository.cpp
  Service.cpp
C:\Program Files (x86)\Microsoft Visual Studio\2019\Community\VC\Tools\MSVC\14.24.28314\include\algorithm(3474,45): error C2676: binary '-': 'const _Iter' does not define this operator or a conversion to a type acceptable to the predefined operator
          with
          [
              _Iter=ListaIterator<Disciplina>
          ]
C:\Users\ghior\Desktop\programare orientata obiect (C)\Laborator\oop_lab6-7_iter2\oop_lab6-7\Service.cpp(34): message : see reference to function template instantiation 'void std::sort<ListaIterator<DataType>,bool(__cdecl *)(const Disciplina &,const Disciplina &)>(const _RanIt,const _RanIt,_Pr)' being compiled
          with
          [
              DataType=Disciplina,
              _RanIt=ListaIterator<Disciplina>,
              _Pr=bool (__cdecl *)(const Disciplina &,const Disciplina &)
          ]
C:\Program Files (x86)\Microsoft Visual Studio\2019\Community\VC\Tools\MSVC\14.24.28314\include\algorithm(3474,5): error C2672: '_Sort_unchecked': no matching overloaded function found
C:\Program Files (x86)\Microsoft Visual Studio\2019\Community\VC\Tools\MSVC\14.24.28314\include\algorithm(3474,1): error C2780: 'void std::_Sort_unchecked(_RanIt,_RanIt,iterator_traits<_Iter>::difference_type,_Pr)': expects 4 arguments - 3 provided
C:\Program Files (x86)\Microsoft Visual Studio\2019\Community\VC\Tools\MSVC\14.24.28314\include\algorithm(3444): message : see declaration of 'std::_Sort_unchecked'
  Tests.cpp
  UI.cpp
  Generating Code...
